<?xml version="1.0" encoding="UTF-8"?>
<!-- Generated by org.testng.reporters.JUnitReportReporter -->
<testsuite hostname="LAPTOP-BG6GTRE3" failures="0" tests="3" name="tests.LoginTest" time="72.709" errors="0" timestamp="2025-04-10T23:40:28 EEST" skipped="0">
  <testcase classname="tests.LoginTest" name="testLogin" time="18.435"/>
  <system-out/>
  <testcase classname="tests.LoginTest" name="testLogin" time="31.673"/>
  <system-out/>
  <testcase classname="tests.LoginTest" name="testLogin" time="22.601"/>
  <system-out/>
</testsuite> <!-- tests.LoginTest -->
